2024-11-04 09:54:56,538 - __main__ - ERROR - Отсутствуют параметры конфигурации: quantity
2024-11-04 09:58:28,281 - __main__ - INFO - Подключение к WebSocket для символа: btcusdt
2024-11-04 09:58:29,561 - __main__ - ERROR - Ошибка WebSocket соединения: 'async for' requires an object with __aiter__ method, got ReconnectingWebsocket
2024-11-04 09:58:29,562 - __main__ - INFO - Попытка переподключения через 1 секунд...
2024-11-04 09:58:30,567 - __main__ - INFO - Соединение клиента закрыто.
2024-11-04 09:58:31,183 - __main__ - INFO - Подключение к WebSocket для символа: btcusdt
2024-11-04 09:58:32,414 - __main__ - ERROR - Ошибка WebSocket соединения: 'async for' requires an object with __aiter__ method, got ReconnectingWebsocket
2024-11-04 09:58:32,415 - __main__ - INFO - Попытка переподключения через 1 секунд...
2024-11-04 09:58:33,424 - __main__ - INFO - Соединение клиента закрыто.
2024-11-04 09:58:33,983 - __main__ - INFO - Подключение к WebSocket для символа: btcusdt
2024-11-04 09:58:35,223 - __main__ - ERROR - Ошибка WebSocket соединения: 'async for' requires an object with __aiter__ method, got ReconnectingWebsocket
2024-11-04 09:58:35,223 - __main__ - INFO - Попытка переподключения через 1 секунд...
2024-11-04 09:58:36,236 - __main__ - INFO - Соединение клиента закрыто.
2024-11-04 09:58:36,794 - __main__ - INFO - Подключение к WebSocket для символа: btcusdt
2024-11-04 09:58:38,018 - __main__ - ERROR - Ошибка WebSocket соединения: 'async for' requires an object with __aiter__ method, got ReconnectingWebsocket
2024-11-04 09:58:38,018 - __main__ - INFO - Попытка переподключения через 1 секунд...
2024-11-04 09:58:39,034 - __main__ - INFO - Соединение клиента закрыто.
2024-11-04 09:58:39,586 - __main__ - INFO - Подключение к WebSocket для символа: btcusdt
2024-11-04 09:58:40,757 - __main__ - ERROR - Ошибка WebSocket соединения: 'async for' requires an object with __aiter__ method, got ReconnectingWebsocket
2024-11-04 09:58:40,757 - __main__ - INFO - Попытка переподключения через 1 секунд...
2024-11-04 09:58:41,772 - __main__ - INFO - Соединение клиента закрыто.
2024-11-04 09:58:42,326 - __main__ - INFO - Подключение к WebSocket для символа: btcusdt
2024-11-04 09:58:43,564 - __main__ - ERROR - Ошибка WebSocket соединения: 'async for' requires an object with __aiter__ method, got ReconnectingWebsocket
2024-11-04 09:58:43,564 - __main__ - INFO - Попытка переподключения через 1 секунд...
2024-11-04 09:58:44,565 - __main__ - INFO - Соединение клиента закрыто.
2024-11-04 09:58:45,127 - __main__ - INFO - Подключение к WebSocket для символа: btcusdt
2024-11-04 09:58:46,370 - __main__ - ERROR - Ошибка WebSocket соединения: 'async for' requires an object with __aiter__ method, got ReconnectingWebsocket
2024-11-04 09:58:46,370 - __main__ - INFO - Попытка переподключения через 1 секунд...
2024-11-04 09:58:47,374 - __main__ - INFO - Соединение клиента закрыто.
2024-11-04 09:58:47,926 - __main__ - INFO - Подключение к WebSocket для символа: btcusdt
2024-11-04 09:58:49,158 - __main__ - ERROR - Ошибка WebSocket соединения: 'async for' requires an object with __aiter__ method, got ReconnectingWebsocket
2024-11-04 09:58:49,158 - __main__ - INFO - Попытка переподключения через 1 секунд...
2024-11-04 09:58:50,167 - __main__ - INFO - Соединение клиента закрыто.
2024-11-04 09:58:50,718 - __main__ - INFO - Подключение к WebSocket для символа: btcusdt
2024-11-04 09:58:51,957 - __main__ - ERROR - Ошибка WebSocket соединения: 'async for' requires an object with __aiter__ method, got ReconnectingWebsocket
2024-11-04 09:58:51,958 - __main__ - INFO - Попытка переподключения через 1 секунд...
2024-11-04 09:58:52,973 - __main__ - INFO - Соединение клиента закрыто.
2024-11-04 09:58:53,528 - __main__ - INFO - Подключение к WebSocket для символа: btcusdt
2024-11-04 09:58:54,763 - __main__ - ERROR - Ошибка WebSocket соединения: 'async for' requires an object with __aiter__ method, got ReconnectingWebsocket
2024-11-04 09:58:54,763 - __main__ - INFO - Попытка переподключения через 1 секунд...
2024-11-04 09:58:55,767 - __main__ - INFO - Соединение клиента закрыто.
2024-11-04 09:58:56,327 - __main__ - INFO - Подключение к WebSocket для символа: btcusdt
2024-11-04 09:58:57,564 - __main__ - ERROR - Ошибка WebSocket соединения: 'async for' requires an object with __aiter__ method, got ReconnectingWebsocket
2024-11-04 09:58:57,564 - __main__ - INFO - Попытка переподключения через 1 секунд...
2024-11-04 09:58:58,564 - __main__ - INFO - Соединение клиента закрыто.
2024-11-04 09:58:59,118 - __main__ - INFO - Подключение к WebSocket для символа: btcusdt
2024-11-04 09:59:00,359 - __main__ - ERROR - Ошибка WebSocket соединения: 'async for' requires an object with __aiter__ method, got ReconnectingWebsocket
2024-11-04 09:59:00,359 - __main__ - INFO - Попытка переподключения через 1 секунд...
2024-11-04 09:59:01,364 - __main__ - INFO - Соединение клиента закрыто.
2024-11-04 09:59:01,913 - __main__ - INFO - Подключение к WebSocket для символа: btcusdt
2024-11-04 09:59:03,150 - __main__ - ERROR - Ошибка WebSocket соединения: 'async for' requires an object with __aiter__ method, got ReconnectingWebsocket
2024-11-04 09:59:03,150 - __main__ - INFO - Попытка переподключения через 1 секунд...
2024-11-04 09:59:03,940 - __main__ - INFO - Соединение клиента закрыто.
2024-11-04 09:59:03,941 - __main__ - INFO - Работа программы прервана пользователем.
2024-11-04 09:59:10,317 - __main__ - INFO - Подключение к WebSocket для символа: btcusdt
2024-11-04 09:59:11,561 - __main__ - ERROR - Ошибка WebSocket соединения: 'async for' requires an object with __aiter__ method, got ReconnectingWebsocket
2024-11-04 09:59:11,561 - __main__ - INFO - Попытка переподключения через 1 секунд...
2024-11-04 09:59:12,570 - __main__ - INFO - Соединение клиента закрыто.
2024-11-04 09:59:13,126 - __main__ - INFO - Подключение к WebSocket для символа: btcusdt
2024-11-04 09:59:14,332 - __main__ - ERROR - Ошибка WebSocket соединения: 'async for' requires an object with __aiter__ method, got ReconnectingWebsocket
2024-11-04 09:59:14,332 - __main__ - INFO - Попытка переподключения через 1 секунд...
2024-11-04 09:59:15,338 - __main__ - INFO - Соединение клиента закрыто.
2024-11-04 09:59:15,894 - __main__ - INFO - Подключение к WebSocket для символа: btcusdt
2024-11-04 09:59:17,131 - __main__ - ERROR - Ошибка WebSocket соединения: 'async for' requires an object with __aiter__ method, got ReconnectingWebsocket
2024-11-04 09:59:17,132 - __main__ - INFO - Попытка переподключения через 1 секунд...
2024-11-04 09:59:18,143 - __main__ - INFO - Соединение клиента закрыто.
2024-11-04 09:59:18,701 - __main__ - INFO - Подключение к WebSocket для символа: btcusdt
2024-11-04 09:59:19,926 - __main__ - ERROR - Ошибка WebSocket соединения: 'async for' requires an object with __aiter__ method, got ReconnectingWebsocket
2024-11-04 09:59:19,927 - __main__ - INFO - Попытка переподключения через 1 секунд...
2024-11-04 09:59:20,937 - __main__ - INFO - Соединение клиента закрыто.
2024-11-04 09:59:21,494 - __main__ - INFO - Подключение к WebSocket для символа: btcusdt
2024-11-04 09:59:22,719 - __main__ - ERROR - Ошибка WebSocket соединения: 'async for' requires an object with __aiter__ method, got ReconnectingWebsocket
2024-11-04 09:59:22,719 - __main__ - INFO - Попытка переподключения через 1 секунд...
2024-11-04 09:59:23,733 - __main__ - INFO - Соединение клиента закрыто.
2024-11-04 09:59:24,285 - __main__ - INFO - Подключение к WebSocket для символа: btcusdt
2024-11-04 09:59:25,519 - __main__ - ERROR - Ошибка WebSocket соединения: 'async for' requires an object with __aiter__ method, got ReconnectingWebsocket
2024-11-04 09:59:25,520 - __main__ - INFO - Попытка переподключения через 1 секунд...
2024-11-04 09:59:26,522 - __main__ - INFO - Соединение клиента закрыто.
2024-11-04 09:59:27,076 - __main__ - INFO - Подключение к WebSocket для символа: btcusdt
2024-11-04 09:59:28,300 - __main__ - ERROR - Ошибка WebSocket соединения: 'async for' requires an object with __aiter__ method, got ReconnectingWebsocket
2024-11-04 09:59:28,300 - __main__ - INFO - Попытка переподключения через 1 секунд...
2024-11-04 09:59:29,312 - __main__ - INFO - Соединение клиента закрыто.
2024-11-04 09:59:29,879 - __main__ - INFO - Подключение к WebSocket для символа: btcusdt
2024-11-04 09:59:31,164 - __main__ - ERROR - Ошибка WebSocket соединения: 'async for' requires an object with __aiter__ method, got ReconnectingWebsocket
2024-11-04 09:59:31,164 - __main__ - INFO - Попытка переподключения через 1 секунд...
2024-11-04 09:59:32,173 - __main__ - INFO - Соединение клиента закрыто.
2024-11-04 09:59:32,765 - __main__ - INFO - Подключение к WebSocket для символа: btcusdt
2024-11-04 09:59:34,010 - __main__ - ERROR - Ошибка WebSocket соединения: 'async for' requires an object with __aiter__ method, got ReconnectingWebsocket
2024-11-04 09:59:34,011 - __main__ - INFO - Попытка переподключения через 1 секунд...
2024-11-04 09:59:35,014 - __main__ - INFO - Соединение клиента закрыто.
2024-11-04 09:59:35,570 - __main__ - INFO - Подключение к WebSocket для символа: btcusdt
2024-11-04 09:59:36,806 - __main__ - ERROR - Ошибка WebSocket соединения: 'async for' requires an object with __aiter__ method, got ReconnectingWebsocket
2024-11-04 09:59:36,806 - __main__ - INFO - Попытка переподключения через 1 секунд...
2024-11-04 09:59:37,820 - __main__ - INFO - Соединение клиента закрыто.
2024-11-04 09:59:38,380 - __main__ - INFO - Подключение к WebSocket для символа: btcusdt
2024-11-04 09:59:39,611 - __main__ - ERROR - Ошибка WebSocket соединения: 'async for' requires an object with __aiter__ method, got ReconnectingWebsocket
2024-11-04 09:59:39,611 - __main__ - INFO - Попытка переподключения через 1 секунд...
2024-11-04 09:59:40,611 - __main__ - INFO - Соединение клиента закрыто.
2024-11-04 09:59:41,172 - __main__ - INFO - Подключение к WebSocket для символа: btcusdt
2024-11-04 09:59:42,405 - __main__ - ERROR - Ошибка WebSocket соединения: 'async for' requires an object with __aiter__ method, got ReconnectingWebsocket
2024-11-04 09:59:42,405 - __main__ - INFO - Попытка переподключения через 1 секунд...
2024-11-04 09:59:43,412 - __main__ - INFO - Соединение клиента закрыто.
2024-11-04 09:59:43,965 - __main__ - INFO - Подключение к WebSocket для символа: btcusdt
2024-11-04 09:59:45,195 - __main__ - ERROR - Ошибка WebSocket соединения: 'async for' requires an object with __aiter__ method, got ReconnectingWebsocket
2024-11-04 09:59:45,196 - __main__ - INFO - Попытка переподключения через 1 секунд...
2024-11-04 09:59:46,206 - __main__ - INFO - Соединение клиента закрыто.
2024-11-04 09:59:46,755 - __main__ - INFO - Подключение к WebSocket для символа: btcusdt
2024-11-04 09:59:47,988 - __main__ - ERROR - Ошибка WebSocket соединения: 'async for' requires an object with __aiter__ method, got ReconnectingWebsocket
2024-11-04 09:59:47,988 - __main__ - INFO - Попытка переподключения через 1 секунд...
2024-11-04 09:59:49,003 - __main__ - INFO - Соединение клиента закрыто.
2024-11-04 09:59:49,561 - __main__ - INFO - Подключение к WebSocket для символа: btcusdt
2024-11-04 09:59:50,795 - __main__ - ERROR - Ошибка WebSocket соединения: 'async for' requires an object with __aiter__ method, got ReconnectingWebsocket
2024-11-04 09:59:50,795 - __main__ - INFO - Попытка переподключения через 1 секунд...
2024-11-04 09:59:51,804 - __main__ - INFO - Соединение клиента закрыто.
2024-11-04 09:59:52,353 - __main__ - INFO - Подключение к WebSocket для символа: btcusdt
2024-11-04 09:59:53,582 - __main__ - ERROR - Ошибка WebSocket соединения: 'async for' requires an object with __aiter__ method, got ReconnectingWebsocket
2024-11-04 09:59:53,583 - __main__ - INFO - Попытка переподключения через 1 секунд...
2024-11-04 09:59:54,589 - __main__ - INFO - Соединение клиента закрыто.
2024-11-04 09:59:55,146 - __main__ - INFO - Подключение к WebSocket для символа: btcusdt
2024-11-04 09:59:56,385 - __main__ - ERROR - Ошибка WebSocket соединения: 'async for' requires an object with __aiter__ method, got ReconnectingWebsocket
2024-11-04 09:59:56,385 - __main__ - INFO - Попытка переподключения через 1 секунд...
2024-11-04 09:59:57,391 - __main__ - INFO - Соединение клиента закрыто.
2024-11-04 09:59:57,951 - __main__ - INFO - Подключение к WebSocket для символа: btcusdt
2024-11-04 09:59:59,184 - __main__ - ERROR - Ошибка WebSocket соединения: 'async for' requires an object with __aiter__ method, got ReconnectingWebsocket
2024-11-04 09:59:59,185 - __main__ - INFO - Попытка переподключения через 1 секунд...
2024-11-04 10:00:00,192 - __main__ - INFO - Соединение клиента закрыто.
2024-11-04 10:00:00,756 - __main__ - INFO - Подключение к WebSocket для символа: btcusdt
2024-11-04 10:00:01,990 - __main__ - ERROR - Ошибка WebSocket соединения: 'async for' requires an object with __aiter__ method, got ReconnectingWebsocket
2024-11-04 10:00:01,990 - __main__ - INFO - Попытка переподключения через 1 секунд...
2024-11-04 10:00:03,003 - __main__ - INFO - Соединение клиента закрыто.
2024-11-04 10:00:03,560 - __main__ - INFO - Подключение к WebSocket для символа: btcusdt
2024-11-04 10:00:04,796 - __main__ - ERROR - Ошибка WebSocket соединения: 'async for' requires an object with __aiter__ method, got ReconnectingWebsocket
2024-11-04 10:00:04,797 - __main__ - INFO - Попытка переподключения через 1 секунд...
2024-11-04 10:00:05,812 - __main__ - INFO - Соединение клиента закрыто.
2024-11-04 10:00:06,368 - __main__ - INFO - Подключение к WebSocket для символа: btcusdt
2024-11-04 10:00:07,609 - __main__ - ERROR - Ошибка WebSocket соединения: 'async for' requires an object with __aiter__ method, got ReconnectingWebsocket
2024-11-04 10:00:07,610 - __main__ - INFO - Попытка переподключения через 1 секунд...
2024-11-04 10:00:20,512 - __main__ - INFO - Подключение к WebSocket для символа: btcusdt
2024-11-04 10:00:21,749 - __main__ - ERROR - Ошибка WebSocket соединения: 'async for' requires an object with __aiter__ method, got ReconnectingWebsocket
2024-11-04 10:00:21,749 - __main__ - INFO - Попытка переподключения через 1 секунд...
2024-11-04 10:00:22,758 - __main__ - INFO - Соединение клиента закрыто.
2024-11-04 10:00:23,310 - __main__ - INFO - Подключение к WebSocket для символа: btcusdt
2024-11-04 10:00:24,544 - __main__ - ERROR - Ошибка WebSocket соединения: 'async for' requires an object with __aiter__ method, got ReconnectingWebsocket
2024-11-04 10:00:24,544 - __main__ - INFO - Попытка переподключения через 1 секунд...
2024-11-04 10:00:25,558 - __main__ - INFO - Соединение клиента закрыто.
2024-11-04 10:00:26,116 - __main__ - INFO - Подключение к WebSocket для символа: btcusdt
2024-11-04 10:00:27,346 - __main__ - ERROR - Ошибка WebSocket соединения: 'async for' requires an object with __aiter__ method, got ReconnectingWebsocket
2024-11-04 10:00:27,346 - __main__ - INFO - Попытка переподключения через 1 секунд...
2024-11-04 10:00:28,348 - __main__ - INFO - Соединение клиента закрыто.
2024-11-04 10:00:28,901 - __main__ - INFO - Подключение к WebSocket для символа: btcusdt
2024-11-04 10:00:30,148 - __main__ - ERROR - Ошибка WebSocket соединения: 'async for' requires an object with __aiter__ method, got ReconnectingWebsocket
2024-11-04 10:00:30,148 - __main__ - INFO - Попытка переподключения через 1 секунд...
2024-11-04 10:00:31,149 - __main__ - INFO - Соединение клиента закрыто.
2024-11-04 10:00:31,712 - __main__ - INFO - Подключение к WebSocket для символа: btcusdt
2024-11-04 10:00:32,992 - __main__ - ERROR - Ошибка WebSocket соединения: 'async for' requires an object with __aiter__ method, got ReconnectingWebsocket
2024-11-04 10:00:32,992 - __main__ - INFO - Попытка переподключения через 1 секунд...
2024-11-04 10:00:34,008 - __main__ - INFO - Соединение клиента закрыто.
2024-11-04 10:00:34,600 - __main__ - INFO - Подключение к WebSocket для символа: btcusdt
2024-11-04 10:00:35,834 - __main__ - ERROR - Ошибка WebSocket соединения: 'async for' requires an object with __aiter__ method, got ReconnectingWebsocket
2024-11-04 10:00:35,835 - __main__ - INFO - Попытка переподключения через 1 секунд...
2024-11-04 10:00:36,849 - __main__ - INFO - Соединение клиента закрыто.
2024-11-04 10:00:37,403 - __main__ - INFO - Подключение к WebSocket для символа: btcusdt
2024-11-04 10:00:38,628 - __main__ - ERROR - Ошибка WebSocket соединения: 'async for' requires an object with __aiter__ method, got ReconnectingWebsocket
2024-11-04 10:00:38,628 - __main__ - INFO - Попытка переподключения через 1 секунд...
2024-11-04 10:00:39,639 - __main__ - INFO - Соединение клиента закрыто.
2024-11-04 10:00:40,197 - __main__ - INFO - Подключение к WebSocket для символа: btcusdt
2024-11-04 10:00:41,431 - __main__ - ERROR - Ошибка WebSocket соединения: 'async for' requires an object with __aiter__ method, got ReconnectingWebsocket
2024-11-04 10:00:41,432 - __main__ - INFO - Попытка переподключения через 1 секунд...
2024-11-04 10:00:42,447 - __main__ - INFO - Соединение клиента закрыто.
2024-11-04 10:00:43,000 - __main__ - INFO - Подключение к WebSocket для символа: btcusdt
2024-11-04 10:00:44,250 - __main__ - ERROR - Ошибка WebSocket соединения: 'async for' requires an object with __aiter__ method, got ReconnectingWebsocket
2024-11-04 10:00:44,250 - __main__ - INFO - Попытка переподключения через 1 секунд...
2024-11-04 10:00:45,263 - __main__ - INFO - Соединение клиента закрыто.
2024-11-04 10:00:45,822 - __main__ - INFO - Подключение к WebSocket для символа: btcusdt
2024-11-04 10:00:47,049 - __main__ - ERROR - Ошибка WebSocket соединения: 'async for' requires an object with __aiter__ method, got ReconnectingWebsocket
2024-11-04 10:00:47,050 - __main__ - INFO - Попытка переподключения через 1 секунд...
2024-11-04 10:00:48,055 - __main__ - INFO - Соединение клиента закрыто.
2024-11-04 10:00:48,620 - __main__ - INFO - Подключение к WebSocket для символа: btcusdt
2024-11-04 10:00:49,855 - __main__ - ERROR - Ошибка WebSocket соединения: 'async for' requires an object with __aiter__ method, got ReconnectingWebsocket
2024-11-04 10:00:49,855 - __main__ - INFO - Попытка переподключения через 1 секунд...
2024-11-04 10:00:50,868 - __main__ - INFO - Соединение клиента закрыто.
2024-11-04 10:00:51,431 - __main__ - INFO - Подключение к WebSocket для символа: btcusdt
2024-11-04 10:00:52,663 - __main__ - ERROR - Ошибка WebSocket соединения: 'async for' requires an object with __aiter__ method, got ReconnectingWebsocket
2024-11-04 10:00:52,663 - __main__ - INFO - Попытка переподключения через 1 секунд...
2024-11-04 10:00:53,664 - __main__ - INFO - Соединение клиента закрыто.
2024-11-04 10:00:54,216 - __main__ - INFO - Подключение к WebSocket для символа: btcusdt
2024-11-04 10:00:55,463 - __main__ - ERROR - Ошибка WebSocket соединения: 'async for' requires an object with __aiter__ method, got ReconnectingWebsocket
2024-11-04 10:00:55,463 - __main__ - INFO - Попытка переподключения через 1 секунд...
2024-11-04 10:00:56,474 - __main__ - INFO - Соединение клиента закрыто.
2024-11-04 10:00:57,033 - __main__ - INFO - Подключение к WebSocket для символа: btcusdt
2024-11-04 10:00:58,252 - __main__ - ERROR - Ошибка WebSocket соединения: 'async for' requires an object with __aiter__ method, got ReconnectingWebsocket
2024-11-04 10:00:58,252 - __main__ - INFO - Попытка переподключения через 1 секунд...
2024-11-04 10:00:59,255 - __main__ - INFO - Соединение клиента закрыто.
2024-11-04 10:00:59,809 - __main__ - INFO - Подключение к WebSocket для символа: btcusdt
2024-11-04 10:01:01,050 - __main__ - ERROR - Ошибка WebSocket соединения: 'async for' requires an object with __aiter__ method, got ReconnectingWebsocket
2024-11-04 10:01:01,051 - __main__ - INFO - Попытка переподключения через 1 секунд...
2024-11-04 10:01:02,062 - __main__ - INFO - Соединение клиента закрыто.
2024-11-04 10:01:02,616 - __main__ - INFO - Подключение к WebSocket для символа: btcusdt
2024-11-04 10:01:03,839 - __main__ - ERROR - Ошибка WebSocket соединения: 'async for' requires an object with __aiter__ method, got ReconnectingWebsocket
2024-11-04 10:01:03,839 - __main__ - INFO - Попытка переподключения через 1 секунд...
2024-11-04 10:01:04,848 - __main__ - INFO - Соединение клиента закрыто.
2024-11-04 10:01:05,401 - __main__ - INFO - Подключение к WebSocket для символа: btcusdt
2024-11-04 10:01:06,640 - __main__ - ERROR - Ошибка WebSocket соединения: 'async for' requires an object with __aiter__ method, got ReconnectingWebsocket
2024-11-04 10:01:06,640 - __main__ - INFO - Попытка переподключения через 1 секунд...
2024-11-04 10:01:07,648 - __main__ - INFO - Соединение клиента закрыто.
2024-11-04 10:01:08,205 - __main__ - INFO - Подключение к WebSocket для символа: btcusdt
2024-11-04 10:01:09,433 - __main__ - ERROR - Ошибка WebSocket соединения: 'async for' requires an object with __aiter__ method, got ReconnectingWebsocket
2024-11-04 10:01:09,433 - __main__ - INFO - Попытка переподключения через 1 секунд...
2024-11-04 10:01:10,440 - __main__ - INFO - Соединение клиента закрыто.
2024-11-04 10:01:10,997 - __main__ - INFO - Подключение к WebSocket для символа: btcusdt
2024-11-04 10:01:12,225 - __main__ - ERROR - Ошибка WebSocket соединения: 'async for' requires an object with __aiter__ method, got ReconnectingWebsocket
2024-11-04 10:01:12,225 - __main__ - INFO - Попытка переподключения через 1 секунд...
2024-11-04 10:01:13,230 - __main__ - INFO - Соединение клиента закрыто.
2024-11-04 10:01:13,793 - __main__ - INFO - Подключение к WebSocket для символа: btcusdt
2024-11-04 10:01:15,041 - __main__ - ERROR - Ошибка WebSocket соединения: 'async for' requires an object with __aiter__ method, got ReconnectingWebsocket
2024-11-04 10:01:15,041 - __main__ - INFO - Попытка переподключения через 1 секунд...
2024-11-04 10:01:16,050 - __main__ - INFO - Соединение клиента закрыто.
2024-11-04 10:01:16,610 - __main__ - INFO - Подключение к WebSocket для символа: btcusdt
2024-11-04 10:01:17,838 - __main__ - ERROR - Ошибка WebSocket соединения: 'async for' requires an object with __aiter__ method, got ReconnectingWebsocket
2024-11-04 10:01:17,838 - __main__ - INFO - Попытка переподключения через 1 секунд...
2024-11-04 10:01:18,847 - __main__ - INFO - Соединение клиента закрыто.
2024-11-04 10:01:19,405 - __main__ - INFO - Подключение к WebSocket для символа: btcusdt
2024-11-04 10:01:20,626 - __main__ - ERROR - Ошибка WebSocket соединения: 'async for' requires an object with __aiter__ method, got ReconnectingWebsocket
2024-11-04 10:01:20,626 - __main__ - INFO - Попытка переподключения через 1 секунд...
2024-11-04 10:01:21,636 - __main__ - INFO - Соединение клиента закрыто.
2024-11-04 10:01:22,197 - __main__ - INFO - Подключение к WebSocket для символа: btcusdt
2024-11-04 10:01:23,436 - __main__ - ERROR - Ошибка WebSocket соединения: 'async for' requires an object with __aiter__ method, got ReconnectingWebsocket
2024-11-04 10:01:23,436 - __main__ - INFO - Попытка переподключения через 1 секунд...
2024-11-04 10:01:24,444 - __main__ - INFO - Соединение клиента закрыто.
2024-11-04 10:01:24,994 - __main__ - INFO - Подключение к WebSocket для символа: btcusdt
2024-11-04 10:01:26,232 - __main__ - ERROR - Ошибка WebSocket соединения: 'async for' requires an object with __aiter__ method, got ReconnectingWebsocket
2024-11-04 10:01:26,232 - __main__ - INFO - Попытка переподключения через 1 секунд...
2024-11-04 10:01:27,235 - __main__ - INFO - Соединение клиента закрыто.
2024-11-04 10:01:27,786 - __main__ - INFO - Подключение к WebSocket для символа: btcusdt
2024-11-04 10:01:29,033 - __main__ - ERROR - Ошибка WebSocket соединения: 'async for' requires an object with __aiter__ method, got ReconnectingWebsocket
2024-11-04 10:01:29,033 - __main__ - INFO - Попытка переподключения через 1 секунд...
2024-11-04 10:01:30,041 - __main__ - INFO - Соединение клиента закрыто.
2024-11-04 10:01:30,591 - __main__ - INFO - Подключение к WebSocket для символа: btcusdt
2024-11-04 10:01:31,827 - __main__ - ERROR - Ошибка WebSocket соединения: 'async for' requires an object with __aiter__ method, got ReconnectingWebsocket
2024-11-04 10:01:31,827 - __main__ - INFO - Попытка переподключения через 1 секунд...
2024-11-04 10:01:32,842 - __main__ - INFO - Соединение клиента закрыто.
2024-11-04 10:01:33,405 - __main__ - INFO - Подключение к WebSocket для символа: btcusdt
2024-11-04 10:01:34,693 - __main__ - ERROR - Ошибка WebSocket соединения: 'async for' requires an object with __aiter__ method, got ReconnectingWebsocket
2024-11-04 10:01:34,693 - __main__ - INFO - Попытка переподключения через 1 секунд...
2024-11-04 10:01:35,696 - __main__ - INFO - Соединение клиента закрыто.
2024-11-04 10:01:36,287 - __main__ - INFO - Подключение к WebSocket для символа: btcusdt
2024-11-04 10:01:37,529 - __main__ - ERROR - Ошибка WebSocket соединения: 'async for' requires an object with __aiter__ method, got ReconnectingWebsocket
2024-11-04 10:01:37,529 - __main__ - INFO - Попытка переподключения через 1 секунд...
2024-11-04 10:01:38,536 - __main__ - INFO - Соединение клиента закрыто.
2024-11-04 10:01:39,091 - __main__ - INFO - Подключение к WebSocket для символа: btcusdt
2024-11-04 10:01:40,318 - __main__ - ERROR - Ошибка WebSocket соединения: 'async for' requires an object with __aiter__ method, got ReconnectingWebsocket
2024-11-04 10:01:40,318 - __main__ - INFO - Попытка переподключения через 1 секунд...
2024-11-04 10:01:41,327 - __main__ - INFO - Соединение клиента закрыто.
2024-11-04 10:01:41,886 - __main__ - INFO - Подключение к WebSocket для символа: btcusdt
2024-11-04 10:01:43,119 - __main__ - ERROR - Ошибка WebSocket соединения: 'async for' requires an object with __aiter__ method, got ReconnectingWebsocket
2024-11-04 10:01:43,119 - __main__ - INFO - Попытка переподключения через 1 секунд...
2024-11-04 10:01:44,134 - __main__ - INFO - Соединение клиента закрыто.
2024-11-04 10:01:44,686 - __main__ - INFO - Подключение к WebSocket для символа: btcusdt
2024-11-04 10:01:45,922 - __main__ - ERROR - Ошибка WebSocket соединения: 'async for' requires an object with __aiter__ method, got ReconnectingWebsocket
2024-11-04 10:01:45,922 - __main__ - INFO - Попытка переподключения через 1 секунд...
2024-11-04 10:01:46,923 - __main__ - INFO - Соединение клиента закрыто.
2024-11-04 10:01:47,480 - __main__ - INFO - Подключение к WebSocket для символа: btcusdt
2024-11-04 10:01:48,709 - __main__ - ERROR - Ошибка WebSocket соединения: 'async for' requires an object with __aiter__ method, got ReconnectingWebsocket
2024-11-04 10:01:48,709 - __main__ - INFO - Попытка переподключения через 1 секунд...
2024-11-04 10:01:49,711 - __main__ - INFO - Соединение клиента закрыто.
2024-11-04 10:01:50,265 - __main__ - INFO - Подключение к WebSocket для символа: btcusdt
2024-11-04 10:01:51,497 - __main__ - ERROR - Ошибка WebSocket соединения: 'async for' requires an object with __aiter__ method, got ReconnectingWebsocket
2024-11-04 10:01:51,497 - __main__ - INFO - Попытка переподключения через 1 секунд...
2024-11-04 10:01:52,499 - __main__ - INFO - Соединение клиента закрыто.
2024-11-04 10:01:53,059 - __main__ - INFO - Подключение к WebSocket для символа: btcusdt
2024-11-04 10:01:54,294 - __main__ - ERROR - Ошибка WebSocket соединения: 'async for' requires an object with __aiter__ method, got ReconnectingWebsocket
2024-11-04 10:01:54,294 - __main__ - INFO - Попытка переподключения через 1 секунд...
2024-11-04 10:01:55,297 - __main__ - INFO - Соединение клиента закрыто.
2024-11-04 10:01:55,848 - __main__ - INFO - Подключение к WebSocket для символа: btcusdt
2024-11-04 10:01:57,063 - __main__ - ERROR - Ошибка WebSocket соединения: 'async for' requires an object with __aiter__ method, got ReconnectingWebsocket
2024-11-04 10:01:57,063 - __main__ - INFO - Попытка переподключения через 1 секунд...
2024-11-04 10:01:58,070 - __main__ - INFO - Соединение клиента закрыто.
2024-11-04 10:01:58,631 - __main__ - INFO - Подключение к WebSocket для символа: btcusdt
2024-11-04 10:01:58,736 - __main__ - ERROR - Ошибка WebSocket соединения: 'async for' requires an object with __aiter__ method, got ReconnectingWebsocket
2024-11-04 10:01:58,736 - __main__ - INFO - Попытка переподключения через 1 секунд...
2024-11-04 10:01:59,747 - __main__ - INFO - Соединение клиента закрыто.
2024-11-04 10:02:00,314 - __main__ - INFO - Подключение к WebSocket для символа: btcusdt
2024-11-04 10:02:01,540 - __main__ - ERROR - Ошибка WebSocket соединения: 'async for' requires an object with __aiter__ method, got ReconnectingWebsocket
2024-11-04 10:02:01,540 - __main__ - INFO - Попытка переподключения через 1 секунд...
2024-11-04 10:02:02,543 - __main__ - INFO - Соединение клиента закрыто.
2024-11-04 10:02:03,133 - __main__ - INFO - Подключение к WebSocket для символа: btcusdt
2024-11-04 10:02:04,358 - __main__ - ERROR - Ошибка WebSocket соединения: 'async for' requires an object with __aiter__ method, got ReconnectingWebsocket
2024-11-04 10:02:04,358 - __main__ - INFO - Попытка переподключения через 1 секунд...
2024-11-04 10:02:05,365 - __main__ - INFO - Соединение клиента закрыто.
2024-11-04 10:02:05,924 - __main__ - INFO - Подключение к WebSocket для символа: btcusdt
2024-11-04 10:02:07,164 - __main__ - ERROR - Ошибка WebSocket соединения: 'async for' requires an object with __aiter__ method, got ReconnectingWebsocket
2024-11-04 10:02:07,164 - __main__ - INFO - Попытка переподключения через 1 секунд...
2024-11-04 10:02:08,178 - __main__ - INFO - Соединение клиента закрыто.
2024-11-04 10:02:08,732 - __main__ - INFO - Подключение к WebSocket для символа: btcusdt
2024-11-04 10:02:09,970 - __main__ - ERROR - Ошибка WebSocket соединения: 'async for' requires an object with __aiter__ method, got ReconnectingWebsocket
2024-11-04 10:02:09,970 - __main__ - INFO - Попытка переподключения через 1 секунд...
2024-11-04 10:02:10,973 - __main__ - INFO - Соединение клиента закрыто.
2024-11-04 10:02:11,527 - __main__ - INFO - Подключение к WebSocket для символа: btcusdt
2024-11-04 10:02:12,757 - __main__ - ERROR - Ошибка WebSocket соединения: 'async for' requires an object with __aiter__ method, got ReconnectingWebsocket
2024-11-04 10:02:12,757 - __main__ - INFO - Попытка переподключения через 1 секунд...
2024-11-04 10:02:13,770 - __main__ - INFO - Соединение клиента закрыто.
2024-11-04 10:02:14,329 - __main__ - INFO - Подключение к WebSocket для символа: btcusdt
2024-11-04 10:02:15,570 - __main__ - ERROR - Ошибка WebSocket соединения: 'async for' requires an object with __aiter__ method, got ReconnectingWebsocket
2024-11-04 10:02:15,570 - __main__ - INFO - Попытка переподключения через 1 секунд...
2024-11-04 10:02:16,586 - __main__ - INFO - Соединение клиента закрыто.
2024-11-04 10:02:17,141 - __main__ - INFO - Подключение к WebSocket для символа: btcusdt
2024-11-04 10:02:18,369 - __main__ - ERROR - Ошибка WebSocket соединения: 'async for' requires an object with __aiter__ method, got ReconnectingWebsocket
2024-11-04 10:02:18,369 - __main__ - INFO - Попытка переподключения через 1 секунд...
2024-11-04 10:02:19,381 - __main__ - INFO - Соединение клиента закрыто.
2024-11-04 10:02:19,932 - __main__ - INFO - Подключение к WebSocket для символа: btcusdt
2024-11-04 10:02:21,163 - __main__ - ERROR - Ошибка WebSocket соединения: 'async for' requires an object with __aiter__ method, got ReconnectingWebsocket
2024-11-04 10:02:21,163 - __main__ - INFO - Попытка переподключения через 1 секунд...
2024-11-04 10:02:22,177 - __main__ - INFO - Соединение клиента закрыто.
2024-11-04 10:02:22,730 - __main__ - INFO - Подключение к WebSocket для символа: btcusdt
2024-11-04 10:02:23,969 - __main__ - ERROR - Ошибка WebSocket соединения: 'async for' requires an object with __aiter__ method, got ReconnectingWebsocket
2024-11-04 10:02:23,969 - __main__ - INFO - Попытка переподключения через 1 секунд...
2024-11-04 10:02:24,971 - __main__ - INFO - Соединение клиента закрыто.
2024-11-04 10:02:25,528 - __main__ - INFO - Подключение к WebSocket для символа: btcusdt
2024-11-04 10:02:26,773 - __main__ - ERROR - Ошибка WebSocket соединения: 'async for' requires an object with __aiter__ method, got ReconnectingWebsocket
2024-11-04 10:02:26,773 - __main__ - INFO - Попытка переподключения через 1 секунд...
2024-11-04 10:02:27,779 - __main__ - INFO - Соединение клиента закрыто.
2024-11-04 10:02:28,337 - __main__ - INFO - Подключение к WebSocket для символа: btcusdt
2024-11-04 10:02:29,567 - __main__ - ERROR - Ошибка WebSocket соединения: 'async for' requires an object with __aiter__ method, got ReconnectingWebsocket
2024-11-04 10:02:29,568 - __main__ - INFO - Попытка переподключения через 1 секунд...
2024-11-04 10:02:30,579 - __main__ - INFO - Соединение клиента закрыто.
2024-11-04 10:02:31,140 - __main__ - INFO - Подключение к WebSocket для символа: btcusdt
2024-11-04 10:02:32,376 - __main__ - ERROR - Ошибка WebSocket соединения: 'async for' requires an object with __aiter__ method, got ReconnectingWebsocket
2024-11-04 10:02:32,376 - __main__ - INFO - Попытка переподключения через 1 секунд...
2024-11-04 10:02:33,380 - __main__ - INFO - Соединение клиента закрыто.
2024-11-04 10:02:33,932 - __main__ - INFO - Подключение к WebSocket для символа: btcusdt
2024-11-04 10:02:35,206 - __main__ - ERROR - Ошибка WebSocket соединения: 'async for' requires an object with __aiter__ method, got ReconnectingWebsocket
2024-11-04 10:02:35,206 - __main__ - INFO - Попытка переподключения через 1 секунд...
2024-11-04 10:02:36,215 - __main__ - INFO - Соединение клиента закрыто.
2024-11-04 10:02:36,812 - __main__ - INFO - Подключение к WebSocket для символа: btcusdt
2024-11-04 10:02:38,040 - __main__ - ERROR - Ошибка WebSocket соединения: 'async for' requires an object with __aiter__ method, got ReconnectingWebsocket
2024-11-04 10:02:38,040 - __main__ - INFO - Попытка переподключения через 1 секунд...
2024-11-04 10:02:39,051 - __main__ - INFO - Соединение клиента закрыто.
2024-11-04 10:02:39,609 - __main__ - INFO - Подключение к WebSocket для символа: btcusdt
2024-11-04 10:02:40,850 - __main__ - ERROR - Ошибка WebSocket соединения: 'async for' requires an object with __aiter__ method, got ReconnectingWebsocket
2024-11-04 10:02:40,850 - __main__ - INFO - Попытка переподключения через 1 секунд...
2024-11-04 10:02:41,852 - __main__ - INFO - Соединение клиента закрыто.
2024-11-04 10:02:42,410 - __main__ - INFO - Подключение к WebSocket для символа: btcusdt
2024-11-04 10:02:43,636 - __main__ - ERROR - Ошибка WebSocket соединения: 'async for' requires an object with __aiter__ method, got ReconnectingWebsocket
2024-11-04 10:02:43,636 - __main__ - INFO - Попытка переподключения через 1 секунд...
2024-11-04 10:02:44,649 - __main__ - INFO - Соединение клиента закрыто.
2024-11-04 10:02:45,200 - __main__ - INFO - Подключение к WebSocket для символа: btcusdt
2024-11-04 10:02:46,443 - __main__ - ERROR - Ошибка WebSocket соединения: 'async for' requires an object with __aiter__ method, got ReconnectingWebsocket
2024-11-04 10:02:46,443 - __main__ - INFO - Попытка переподключения через 1 секунд...
2024-11-04 10:02:47,449 - __main__ - INFO - Соединение клиента закрыто.
2024-11-04 10:02:48,005 - __main__ - INFO - Подключение к WebSocket для символа: btcusdt
2024-11-04 10:02:49,243 - __main__ - ERROR - Ошибка WebSocket соединения: 'async for' requires an object with __aiter__ method, got ReconnectingWebsocket
2024-11-04 10:02:49,243 - __main__ - INFO - Попытка переподключения через 1 секунд...
2024-11-04 10:02:50,257 - __main__ - INFO - Соединение клиента закрыто.
2024-11-04 10:02:50,813 - __main__ - INFO - Подключение к WebSocket для символа: btcusdt
2024-11-04 10:02:52,046 - __main__ - ERROR - Ошибка WebSocket соединения: 'async for' requires an object with __aiter__ method, got ReconnectingWebsocket
2024-11-04 10:02:52,046 - __main__ - INFO - Попытка переподключения через 1 секунд...
2024-11-04 10:02:53,051 - __main__ - INFO - Соединение клиента закрыто.
2024-11-04 10:02:53,612 - __main__ - INFO - Подключение к WebSocket для символа: btcusdt
2024-11-04 10:02:54,852 - __main__ - ERROR - Ошибка WebSocket соединения: 'async for' requires an object with __aiter__ method, got ReconnectingWebsocket
2024-11-04 10:02:54,852 - __main__ - INFO - Попытка переподключения через 1 секунд...
2024-11-04 10:02:55,866 - __main__ - INFO - Соединение клиента закрыто.
2024-11-04 10:02:56,421 - __main__ - INFO - Подключение к WebSocket для символа: btcusdt
2024-11-04 10:02:57,664 - __main__ - ERROR - Ошибка WebSocket соединения: 'async for' requires an object with __aiter__ method, got ReconnectingWebsocket
2024-11-04 10:02:57,664 - __main__ - INFO - Попытка переподключения через 1 секунд...
2024-11-04 10:02:58,678 - __main__ - INFO - Соединение клиента закрыто.
2024-11-04 10:02:59,233 - __main__ - INFO - Подключение к WebSocket для символа: btcusdt
2024-11-04 10:03:00,446 - __main__ - ERROR - Ошибка WebSocket соединения: 'async for' requires an object with __aiter__ method, got ReconnectingWebsocket
2024-11-04 10:03:00,446 - __main__ - INFO - Попытка переподключения через 1 секунд...
2024-11-04 10:03:01,449 - __main__ - INFO - Соединение клиента закрыто.
2024-11-04 10:03:02,009 - __main__ - INFO - Подключение к WebSocket для символа: btcusdt
2024-11-04 10:03:03,242 - __main__ - ERROR - Ошибка WebSocket соединения: 'async for' requires an object with __aiter__ method, got ReconnectingWebsocket
2024-11-04 10:03:03,242 - __main__ - INFO - Попытка переподключения через 1 секунд...
2024-11-04 10:03:04,243 - __main__ - INFO - Соединение клиента закрыто.
2024-11-04 10:03:05,251 - __main__ - INFO - Подключение к WebSocket для символа: btcusdt
2024-11-04 10:03:06,494 - __main__ - ERROR - Ошибка WebSocket соединения: 'async for' requires an object with __aiter__ method, got ReconnectingWebsocket
2024-11-04 10:03:06,494 - __main__ - INFO - Попытка переподключения через 1 секунд...
2024-11-04 10:03:07,497 - __main__ - INFO - Соединение клиента закрыто.
2024-11-04 10:03:08,055 - __main__ - INFO - Подключение к WebSocket для символа: btcusdt
2024-11-04 10:03:09,284 - __main__ - ERROR - Ошибка WebSocket соединения: 'async for' requires an object with __aiter__ method, got ReconnectingWebsocket
2024-11-04 10:03:09,284 - __main__ - INFO - Попытка переподключения через 1 секунд...
2024-11-04 10:03:10,288 - __main__ - INFO - Соединение клиента закрыто.
2024-11-04 10:03:10,845 - __main__ - INFO - Подключение к WebSocket для символа: btcusdt
2024-11-04 10:03:12,069 - __main__ - ERROR - Ошибка WebSocket соединения: 'async for' requires an object with __aiter__ method, got ReconnectingWebsocket
2024-11-04 10:03:12,069 - __main__ - INFO - Попытка переподключения через 1 секунд...
2024-11-04 10:03:13,083 - __main__ - INFO - Соединение клиента закрыто.
2024-11-04 10:03:13,640 - __main__ - INFO - Подключение к WebSocket для символа: btcusdt
2024-11-04 10:03:14,862 - __main__ - ERROR - Ошибка WebSocket соединения: 'async for' requires an object with __aiter__ method, got ReconnectingWebsocket
2024-11-04 10:03:14,862 - __main__ - INFO - Попытка переподключения через 1 секунд...
2024-11-04 10:03:15,876 - __main__ - INFO - Соединение клиента закрыто.
2024-11-04 10:03:16,432 - __main__ - INFO - Подключение к WebSocket для символа: btcusdt
2024-11-04 10:03:17,670 - __main__ - ERROR - Ошибка WebSocket соединения: 'async for' requires an object with __aiter__ method, got ReconnectingWebsocket
2024-11-04 10:03:17,670 - __main__ - INFO - Попытка переподключения через 1 секунд...
2024-11-04 10:03:18,678 - __main__ - INFO - Соединение клиента закрыто.
2024-11-04 10:03:19,235 - __main__ - INFO - Подключение к WebSocket для символа: btcusdt
2024-11-04 10:03:20,478 - __main__ - ERROR - Ошибка WebSocket соединения: 'async for' requires an object with __aiter__ method, got ReconnectingWebsocket
2024-11-04 10:03:20,478 - __main__ - INFO - Попытка переподключения через 1 секунд...
2024-11-04 10:03:21,479 - __main__ - INFO - Соединение клиента закрыто.
2024-11-04 10:03:22,035 - __main__ - INFO - Подключение к WebSocket для символа: btcusdt
2024-11-04 10:03:23,259 - __main__ - ERROR - Ошибка WebSocket соединения: 'async for' requires an object with __aiter__ method, got ReconnectingWebsocket
2024-11-04 10:03:23,259 - __main__ - INFO - Попытка переподключения через 1 секунд...
2024-11-04 10:03:24,274 - __main__ - INFO - Соединение клиента закрыто.
2024-11-04 10:03:24,841 - __main__ - INFO - Подключение к WebSocket для символа: btcusdt
2024-11-04 10:03:26,072 - __main__ - ERROR - Ошибка WebSocket соединения: 'async for' requires an object with __aiter__ method, got ReconnectingWebsocket
2024-11-04 10:03:26,072 - __main__ - INFO - Попытка переподключения через 1 секунд...
2024-11-04 10:03:27,073 - __main__ - INFO - Соединение клиента закрыто.
2024-11-04 10:03:27,623 - __main__ - INFO - Подключение к WebSocket для символа: btcusdt
2024-11-04 10:03:28,864 - __main__ - ERROR - Ошибка WebSocket соединения: 'async for' requires an object with __aiter__ method, got ReconnectingWebsocket
2024-11-04 10:03:28,864 - __main__ - INFO - Попытка переподключения через 1 секунд...
2024-11-04 10:03:29,867 - __main__ - INFO - Соединение клиента закрыто.
2024-11-04 10:03:30,425 - __main__ - INFO - Подключение к WebSocket для символа: btcusdt
2024-11-04 10:03:31,662 - __main__ - ERROR - Ошибка WebSocket соединения: 'async for' requires an object with __aiter__ method, got ReconnectingWebsocket
2024-11-04 10:03:31,662 - __main__ - INFO - Попытка переподключения через 1 секунд...
2024-11-04 10:03:32,667 - __main__ - INFO - Соединение клиента закрыто.
2024-11-04 10:03:33,222 - __main__ - INFO - Подключение к WebSocket для символа: btcusdt
2024-11-04 10:05:19,102 - __main__ - ERROR - Ошибка при получении топ-символов: 'AsyncClient' object has no attribute 'get_ticker_24hr'
2024-11-04 10:05:19,122 - __main__ - ERROR - Не удалось получить список топ-символов. Завершение работы.
2024-11-04 10:09:55,314 - __main__ - ERROR - Ошибка при получении топ-символов: 'AsyncClient' object has no attribute 'get_ticker_24hr'
2024-11-04 10:09:55,333 - __main__ - ERROR - Не удалось получить список топ-символов. Завершение работы.
2024-11-04 10:10:18,436 - __main__ - ERROR - Ошибка при получении топ-символов: 'AsyncClient' object has no attribute 'get_ticker_24hr'
2024-11-04 10:10:18,455 - __main__ - ERROR - Не удалось получить список топ-символов. Завершение работы.
2024-11-04 10:13:22,170 - __main__ - ERROR - Ошибка при получении топ-символов: 'AsyncClient' object has no attribute 'get_ticker_24hr'
2024-11-04 10:13:22,189 - __main__ - ERROR - Не удалось получить список топ-символов. Завершение работы.
2024-11-04 10:14:17,799 - __main__ - ERROR - Ошибка при получении топ-символов: 'AsyncClient' object has no attribute 'get_ticker_24hr'
2024-11-04 10:14:17,819 - __main__ - ERROR - Не удалось получить список топ-символов. Завершение работы.
2024-11-04 10:17:24,542 - __main__ - ERROR - Ошибка при получении топ-символов: 'AsyncClient' object has no attribute 'get_ticker_24hr'
2024-11-04 10:17:24,561 - __main__ - ERROR - Не удалось получить список топ-символов. Завершение работы.
